2024-10-14 04:25:40 - Neovide panicked with the message 'called `Result::unwrap()` on an `Err` value: Error { code: HRESULT(0x887A0005), message: "The GPU device instance has been suspended. Use GetDeviceRemovedReason to determine the appropriate action." }'. (File: src\renderer\d3d.rs; Line: 315, Column: 18)
   0: <unknown>
   1: <unknown>
   2: <unknown>
   3: <unknown>
   4: <unknown>
   5: <unknown>
   6: <unknown>
   7: <unknown>
   8: <unknown>
   9: <unknown>
  10: <unknown>
  11: <unknown>
  12: <unknown>
  13: <unknown>
  14: <unknown>
  15: <unknown>
  16: DispatchMessageW
  17: SendMessageW
  18: GetDlgCtrlID
  19: GetDlgCtrlID
  20: ThemeInitApiHook
  21: ThemeInitApiHook
  22: GetDlgCtrlID
  23: <unknown>
  24: DispatchMessageW
  25: DispatchMessageW
  26: TranslateAcceleratorW
  27: KiUserCallbackDispatcher
  28: NtUserGetMessage
  29: GetMessageW
  30: <unknown>
  31: <unknown>
  32: <unknown>
  33: <unknown>
  34: <unknown>
  35: BaseThreadInitThunk
  36: RtlUserThreadStart

2024-10-14 04:25:40 - Neovide panicked with the message 'called `Result::unwrap()` on an `Err` value: Error { code: HRESULT(0x887A0005), message: "The GPU device instance has been suspended. Use GetDeviceRemovedReason to determine the appropriate action." }'. (File: src\renderer\d3d.rs; Line: 315, Column: 18)
   0: <unknown>
   1: <unknown>
   2: <unknown>
   3: <unknown>
   4: <unknown>
   5: <unknown>
   6: <unknown>
   7: <unknown>
   8: <unknown>
   9: <unknown>
  10: <unknown>
  11: <unknown>
  12: <unknown>
  13: <unknown>
  14: _CxxFrameHandler3
  15: is_exception_typeof
  16: is_exception_typeof
  17: _CxxFrameHandler3
  18: _chkstk
  19: RtlUnwindEx
  20: _C_specific_handler
  21: is_exception_typeof
  22: is_exception_typeof
  23: is_exception_typeof
  24: _CxxFrameHandler3
  25: _chkstk
  26: RtlFindCharInUnicodeString
  27: RtlRaiseException
  28: RaiseException
  29: CxxThrowException
  30: <unknown>
  31: <unknown>
  32: <unknown>
  33: <unknown>
  34: <unknown>
  35: <unknown>
  36: <unknown>
  37: <unknown>
  38: <unknown>
  39: <unknown>
  40: <unknown>
  41: <unknown>
  42: <unknown>
  43: <unknown>
  44: <unknown>
  45: <unknown>
  46: DispatchMessageW
  47: SendMessageW
  48: GetDlgCtrlID
  49: GetDlgCtrlID
  50: ThemeInitApiHook
  51: ThemeInitApiHook
  52: GetDlgCtrlID
  53: <unknown>
  54: DispatchMessageW
  55: DispatchMessageW
  56: TranslateAcceleratorW
  57: KiUserCallbackDispatcher
  58: NtUserGetMessage
  59: GetMessageW
  60: <unknown>
  61: <unknown>
  62: <unknown>
  63: <unknown>
  64: <unknown>
  65: BaseThreadInitThunk
  66: RtlUserThreadStart

